<?xml version="1.0" encoding="UTF-8"?>
<testsuite name="com.example.hypertest.HypertestApplicationTests" tests="1" skipped="0" failures="0" errors="0" timestamp="2024-07-11T09:37:25" hostname="Meghas-New-Air.local" time="0.301">
  <properties/>
  <testcase name="contextLoads()" classname="com.example.hypertest.HypertestApplicationTests" time="0.301"/>
  <system-out><![CDATA[15:07:23.103 [Test worker] INFO org.springframework.test.context.support.AnnotationConfigContextLoaderUtils -- Could not detect default configuration classes for test class [com.example.hypertest.HypertestApplicationTests]: HypertestApplicationTests does not declare any static, non-private, non-final, nested classes annotated with @Configuration.
15:07:23.156 [Test worker] INFO org.springframework.boot.test.context.SpringBootTestContextBootstrapper -- Found @SpringBootConfiguration com.example.hypertest.HypertestApplication for test class com.example.hypertest.HypertestApplicationTests

  .   ____          _            __ _ _
 /\\ / ___'_ __ _ _(_)_ __  __ _ \ \ \ \
( ( )\___ | '_ | '_| | '_ \/ _` | \ \ \ \
 \\/  ___)| |_)| | | | | || (_| |  ) ) ) )
  '  |____| .__|_| |_|_| |_\__, | / / / /
 =========|_|==============|___/=/_/_/_/

 :: Spring Boot ::                (v3.3.1)

2024-07-11T15:07:23.348+05:30  INFO 23417 --- [hypertest] [    Test worker] c.e.hypertest.HypertestApplicationTests  : Starting HypertestApplicationTests using Java 17.0.10 with PID 23417 (started by meghaagarwal in /Users/meghaagarwal/Desktop/Projects/hypertest)
2024-07-11T15:07:23.349+05:30  INFO 23417 --- [hypertest] [    Test worker] c.e.hypertest.HypertestApplicationTests  : No active profile set, falling back to 1 default profile: "default"
2024-07-11T15:07:23.779+05:30  INFO 23417 --- [hypertest] [    Test worker] .s.d.r.c.RepositoryConfigurationDelegate : Bootstrapping Spring Data JPA repositories in DEFAULT mode.
2024-07-11T15:07:23.806+05:30  INFO 23417 --- [hypertest] [    Test worker] .s.d.r.c.RepositoryConfigurationDelegate : Finished Spring Data repository scanning in 23 ms. Found 1 JPA repository interface.
2024-07-11T15:07:24.119+05:30  INFO 23417 --- [hypertest] [    Test worker] o.hibernate.jpa.internal.util.LogHelper  : HHH000204: Processing PersistenceUnitInfo [name: default]
2024-07-11T15:07:24.145+05:30  INFO 23417 --- [hypertest] [    Test worker] org.hibernate.Version                    : HHH000412: Hibernate ORM core version 6.5.2.Final
2024-07-11T15:07:24.160+05:30  INFO 23417 --- [hypertest] [    Test worker] o.h.c.internal.RegionFactoryInitiator    : HHH000026: Second-level cache disabled
2024-07-11T15:07:24.306+05:30  INFO 23417 --- [hypertest] [    Test worker] o.s.o.j.p.SpringPersistenceUnitInfo      : No LoadTimeWeaver setup: ignoring JPA class transformer
2024-07-11T15:07:24.319+05:30  INFO 23417 --- [hypertest] [    Test worker] com.zaxxer.hikari.HikariDataSource       : HikariPool-1 - Starting...
2024-07-11T15:07:24.420+05:30  INFO 23417 --- [hypertest] [    Test worker] com.zaxxer.hikari.pool.HikariPool        : HikariPool-1 - Added connection org.postgresql.jdbc.PgConnection@6fe5da76
2024-07-11T15:07:24.421+05:30  INFO 23417 --- [hypertest] [    Test worker] com.zaxxer.hikari.HikariDataSource       : HikariPool-1 - Start completed.
2024-07-11T15:07:24.437+05:30  WARN 23417 --- [hypertest] [    Test worker] org.hibernate.orm.deprecation            : HHH90000025: PostgreSQLDialect does not need to be specified explicitly using 'hibernate.dialect' (remove the property setting and it will be selected by default)
2024-07-11T15:07:24.840+05:30  INFO 23417 --- [hypertest] [    Test worker] o.h.e.t.j.p.i.JtaPlatformInitiator       : HHH000489: No JTA platform available (set 'hibernate.transaction.jta.platform' to enable JTA platform integration)
2024-07-11T15:07:24.868+05:30  INFO 23417 --- [hypertest] [    Test worker] j.LocalContainerEntityManagerFactoryBean : Initialized JPA EntityManagerFactory for persistence unit 'default'
2024-07-11T15:07:25.160+05:30  WARN 23417 --- [hypertest] [    Test worker] JpaBaseConfiguration$JpaWebConfiguration : spring.jpa.open-in-view is enabled by default. Therefore, database queries may be performed during view rendering. Explicitly configure spring.jpa.open-in-view to disable this warning
2024-07-11T15:07:25.553+05:30  INFO 23417 --- [hypertest] [    Test worker] o.s.b.a.e.web.EndpointLinksResolver      : Exposing 1 endpoint beneath base path '/actuator'
2024-07-11T15:07:25.602+05:30  INFO 23417 --- [hypertest] [    Test worker] c.e.hypertest.HypertestApplicationTests  : Started HypertestApplicationTests in 2.383 seconds (process running for 2.969)
]]></system-out>
  <system-err><![CDATA[]]></system-err>
</testsuite>
